<?xml version="1.0" encoding="UTF-8"?>
<testng-results ignored="0" total="1" passed="1" failed="0" skipped="0">
  <reporter-output>
  </reporter-output>
  <suite started-at="2022-08-15T17:11:28 ICT" name="Default suite" finished-at="2022-08-15T17:11:35 ICT" duration-ms="6878">
    <groups>
    </groups>
    <test started-at="2022-08-15T17:11:28 ICT" name="Default test" finished-at="2022-08-15T17:11:35 ICT" duration-ms="6878">
      <class name="test.Toto">
        <test-method signature="testPo()[pri:0, instance:test.Toto@50b5ac82]" started-at="2022-08-15T17:11:28 ICT" name="testPo" finished-at="2022-08-15T17:11:35 ICT" duration-ms="6858" status="PASS">
          <reporter-output>
          </reporter-output>
        </test-method> <!-- testPo -->
      </class> <!-- test.Toto -->
    </test> <!-- Default test -->
  </suite> <!-- Default suite -->
</testng-results>
